<?xml version="1.0" encoding="UTF-8"?>
<!-- Generated by org.testng.reporters.JUnitXMLReporter -->
<testsuite hostname="MacBook-Air-Ilia.local" ignored="0" name="Test" tests="1" failures="1" timestamp="24 апр 2017 18:00:17 GMT" time="5.988" errors="0">
  <testcase name="main" time="1.399" classname="NewTest.NewTest">
    <failure type="org.openqa.selenium.WebDriverException" message="
Build info: version: &amp;apos;3.4.0&amp;apos;, revision: &amp;apos;unknown&amp;apos;, time: &amp;apos;unknown&amp;apos;
System info: host: &amp;apos;MacBook-Air-Ilia.local&amp;apos;, ip: &amp;apos;fe80:0:0:0:407:c7c9:b5db:ec67%en0&amp;apos;, os.name: &amp;apos;Mac OS X&amp;apos;, os.arch: &amp;apos;x86_64&amp;apos;, os.version: &amp;apos;10.12.4&amp;apos;, java.version: &amp;apos;1.8.0_101&amp;apos;
Driver info: org.openqa.selenium.firefox.FirefoxDriver
Capabilities [{moz:profile=/var/folders/87/zdblb6_n7kn6s977jzw3xsv40000gn/T/rust_mozprofile.5NKHlHTiPpX5, rotatable=false, timeouts={implicit=0.0, pageLoad=300000.0, script=30000.0}, pageLoadStrategy=normal, platform=ANY, specificationLevel=0.0, moz:accessibilityChecks=false, acceptInsecureCerts=false, browserVersion=53.0, platformVersion=16.5.0, moz:processID=33488.0, browserName=firefox, javascriptEnabled=true, platformName=darwin}]
Session ID: 1545fa2e-74f6-8b44-b574-3a0507a92de3">
      <![CDATA[org.openqa.selenium.WebDriverException: 
Build info: version: '3.4.0', revision: 'unknown', time: 'unknown'
System info: host: 'MacBook-Air-Ilia.local', ip: 'fe80:0:0:0:407:c7c9:b5db:ec67%en0', os.name: 'Mac OS X', os.arch: 'x86_64', os.version: '10.12.4', java.version: '1.8.0_101'
Driver info: org.openqa.selenium.firefox.FirefoxDriver
Capabilities [{moz:profile=/var/folders/87/zdblb6_n7kn6s977jzw3xsv40000gn/T/rust_mozprofile.5NKHlHTiPpX5, rotatable=false, timeouts={implicit=0.0, pageLoad=300000.0, script=30000.0}, pageLoadStrategy=normal, platform=ANY, specificationLevel=0.0, moz:accessibilityChecks=false, acceptInsecureCerts=false, browserVersion=53.0, platformVersion=16.5.0, moz:processID=33488.0, browserName=firefox, javascriptEnabled=true, platformName=darwin}]
Session ID: 1545fa2e-74f6-8b44-b574-3a0507a92de3
	at org.openqa.selenium.remote.http.W3CHttpResponseCodec.createException(W3CHttpResponseCodec.java:150)
	at org.openqa.selenium.remote.http.W3CHttpResponseCodec.decode(W3CHttpResponseCodec.java:115)
	at org.openqa.selenium.remote.http.W3CHttpResponseCodec.decode(W3CHttpResponseCodec.java:45)
	at org.openqa.selenium.remote.HttpCommandExecutor.execute(HttpCommandExecutor.java:164)
	at org.openqa.selenium.remote.service.DriverCommandExecutor.execute(DriverCommandExecutor.java:82)
	at org.openqa.selenium.remote.RemoteWebDriver.execute(RemoteWebDriver.java:637)
	at org.openqa.selenium.remote.RemoteWebDriver.get(RemoteWebDriver.java:364)
	at NewTest.NewTest.main(NewTest.java:58)
... Removed 29 stack frames]]>
    </failure>
  </testcase> <!-- main -->
</testsuite> <!-- Test -->
